
> chuxiaoxiao-website@0.0.1 build
> astro build && npx pagefind --site dist

[2m19:42:59[22m [34m[content][39m Syncing content
[2m19:43:00[22m [34m[content][39m Synced content
[2m19:43:00[22m [34m[types][39m Generated [2m1.52s[22m
[2m19:43:00[22m [34m[build][39m output: [34m"static"[39m
[2m19:43:00[22m [34m[build][39m mode: [34m"static"[39m
[2m19:43:00[22m [34m[build][39m directory: [34mE:\极空间双向同步\拥抱AI\龙虾\独立站\chuxiaoxiao-website\dist\[39m
[2m19:43:00[22m [34m[build][39m Collecting build info...
[2m19:43:00[22m [34m[build][39m [32m✓ Completed in 1.55s.[39m
[2m19:43:00[22m [34m[build][39m Building static entrypoints...
[2m19:43:03[22m [34m[vite][39m [32m✓ built in 3.40s[39m
[2m19:43:05[22m [34m[vite][39m [32m✓ built in 1.37s[39m
[2m19:43:05[22m [34m[build][39m Rearranging server assets...

[42m[30m generating static routes [39m[49m
[DEBUG] getStaticPaths 被调用
Cannot read properties of undefined (reading 'forEach')
  [1mLocation:[22m
    [4mE:\极空间双向同步\拥抱AI\龙虾\独立站\chuxiaoxiao-website\node_modules\astro\dist\core\render\route-cache.js:29:27[24m
  [1mStack trace:[22m
[2m    at file:///E:/%E6%9E%81%E7%A9%BA%E9%97%B4%E5%8F%8C%E5%90%91%E5%90%8C%E6%AD%A5/%E6%8B%A5%E6%8A%B1AI/%E9%BE%99%E8%99%BE/%E7%8B%AC%E7%AB%8B%E7%AB%99/chuxiaoxiao-website/dist/.prerender/chunks/_tag__C9d9U7NM.mjs:10:16
    at Module.getStaticPaths (file:///E:/%E6%9E%81%E7%A9%BA%E9%97%B4%E5%8F%8C%E5%90%91%E5%90%8C%E6%AD%A5/%E6%8B%A5%E6%8A%B1AI/%E9%BE%99%E8%99%BE/%E7%8B%AC%E7%AB%8B%E7%AB%99/chuxiaoxiao-website/dist/.prerender/chunks/_tag__C9d9U7NM.mjs:9:11)
    at #getPathsForRoute (file:///E:/%E6%9E%81%E7%A9%BA%E9%97%B4%E5%8F%8C%E5%90%91%E5%90%8C%E6%AD%A5/%E6%8B%A5%E6%8A%B1AI/%E9%BE%99%E8%99%BE/%E7%8B%AC%E7%AB%8B%E7%AB%99/chuxiaoxiao-website/node_modules/astro/dist/runtime/prerender/static-paths.js:54:31)
    at async generatePages (file:///E:/%E6%9E%81%E7%A9%BA%E9%97%B4%E5%8F%8C%E5%90%91%E5%90%8C%E6%AD%A5/%E6%8B%A5%E6%8A%B1AI/%E9%BE%99%E8%99%BE/%E7%8B%AC%E7%AB%8B%E7%AB%99/chuxiaoxiao-website/node_modules/astro/dist/core/build/generate.js:68:29)
    at async Object.buildApp (file:///E:/%E6%9E%81%E7%A9%BA%E9%97%B4%E5%8F%8C%E5%90%91%E5%90%8C%E6%AD%A5/%E6%8B%A5%E6%8A%B1AI/%E9%BE%99%E8%99%BE/%E7%8B%AC%E7%AB%8B%E7%AB%99/chuxiaoxiao-website/node_modules/vite/dist/node/chunks/config.js:33898:5)[22m


=== 返回码: 1 ===
